This file contains any messages produced by compilers while
running configure, to aid debugging if configure makes a mistake.

It was created by relion configure 1.4, which was
generated by GNU Autoconf 2.63.  Invocation command line was

  $ ./configure --enable-mpi prefix=/home/zhouqiang/softwares/relion-1.4-seg CPPFLAGS=-I/home/zhouqiang/softwares/relion-1.4-seg/include -I/home/zhouqiang/softwares/relion-1.4-seg/include -I/usr/include/freetype2 -D_LARGEFILE_SOURCE -D_LARGEFILE64_SOURCE -D_THREAD_SAFE -D_REENTRANT LDFLAGS=-L/home/zhouqiang/softwares/relion-1.4-seg/lib -L/home/zhouqiang/softwares/relion-1.4-seg/lib -Wl,-rpath,/home/zhouqiang/softwares/relion-1.4-seg/lib -lfltk -lXext -lXft -lfontconfig -lXinerama -lpthread -ldl -lm -lX11

## --------- ##
## Platform. ##
## --------- ##

hostname = LOCALHOST.LOCALDOMAIN
uname -m = x86_64
uname -r = 2.6.32-573.3.1.el6.x86_64
uname -s = Linux
uname -v = #1 SMP Thu Aug 13 22:55:16 UTC 2015

/usr/bin/uname -p = unknown
/bin/uname -X     = unknown

/bin/arch              = x86_64
/usr/bin/arch -k       = unknown
/usr/convex/getsysinfo = unknown
/usr/bin/hostinfo      = unknown
/bin/machine           = unknown
/usr/bin/oslevel       = unknown
/bin/universe          = unknown

PATH: /usr/local/ccp4-6.4.0/share/dbccp4i/bin
PATH: /usr/local/ccp4-6.4.0/share/ccp4i/bin
PATH: /usr/local/ccp4-6.4.0/bin
PATH: /usr/local/ccp4-6.4.0/etc
PATH: /usr/local/direx-0.6.2
PATH: /opt/em_hole_finder
PATH: /home/zhouqiang/src/relion-1.3-seg/bin
PATH: /opt/openmpi-181/bin
PATH: /home/zhouqiang/softwares/spider/bin
PATH: /usr/local/Xmipp_2.4/applications/programs/normalize
PATH: /usr/local/Xmipp_2.4/bin
PATH: /home/zhouqiang/Linux/Jiang
PATH: /home/zhouqiang/softwares/bsoft/bin
PATH: /home/zhouqiang/softwares/ctf
PATH: /usr/local/bin/appion
PATH: /home/zhouqiang/.local/UCSF-Chimera64-1.10/bin
PATH: /usr/local/EMAN2/bin
PATH: /usr/local/EMAN2/extlib/bin
PATH: /usr/local/EMAN/bin
PATH: /usr/lib64/qt-3.3/bin
PATH: /usr/local/IMOD/bin
PATH: /usr/local/bin
PATH: /bin
PATH: /usr/bin
PATH: /usr/local/sbin
PATH: /usr/sbin
PATH: /sbin
PATH: /home/zhouqiang/bin
PATH: /usr/local/bin/vmd
PATH: /usr/local/bin/NAMD
PATH: /usr/local/Situs_2.7.2/bin
PATH: /usr/local/ccp4-6.4.0/share/xia2/Applications


## ----------- ##
## Core tests. ##
## ----------- ##

configure:2094: checking for a BSD-compatible install
configure:2162: result: /usr/bin/install -c
configure:2173: checking whether build environment is sane
configure:2233: result: yes
configure:2374: checking for a thread-safe mkdir -p
configure:2413: result: /bin/mkdir -p
configure:2426: checking for gawk
configure:2442: found /bin/gawk
configure:2453: result: gawk
configure:2464: checking whether make sets $(MAKE)
configure:2486: result: yes
configure:2620: checking for gcc
configure:2636: found /usr/bin/gcc
configure:2647: result: gcc
configure:2879: checking for C compiler version
configure:2887: gcc --version >&5
gcc (GCC) 4.4.7 20120313 (Red Hat 4.4.7-16)
Copyright (C) 2010 Free Software Foundation, Inc.
This is free software; see the source for copying conditions.  There is NO
warranty; not even for MERCHANTABILITY or FITNESS FOR A PARTICULAR PURPOSE.

configure:2891: $? = 0
configure:2898: gcc -v >&5
Using built-in specs.
Target: x86_64-redhat-linux
Configured with: ../configure --prefix=/usr --mandir=/usr/share/man --infodir=/usr/share/info --with-bugurl=http://bugzilla.redhat.com/bugzilla --enable-bootstrap --enable-shared --enable-threads=posix --enable-checking=release --with-system-zlib --enable-__cxa_atexit --disable-libunwind-exceptions --enable-gnu-unique-object --enable-languages=c,c++,objc,obj-c++,java,fortran,ada --enable-java-awt=gtk --disable-dssi --with-java-home=/usr/lib/jvm/java-1.5.0-gcj-1.5.0.0/jre --enable-libgcj-multifile --enable-java-maintainer-mode --with-ecj-jar=/usr/share/java/eclipse-ecj.jar --disable-libjava-multilib --with-ppl --with-cloog --with-tune=generic --with-arch_32=i686 --build=x86_64-redhat-linux
Thread model: posix
gcc version 4.4.7 20120313 (Red Hat 4.4.7-16) (GCC) 
configure:2902: $? = 0
configure:2909: gcc -V >&5
gcc: '-V' option must have argument
configure:2913: $? = 1
configure:2936: checking for C compiler default output file name
configure:2958: gcc  -I/home/zhouqiang/softwares/relion-1.4-seg/include -I/home/zhouqiang/softwares/relion-1.4-seg/include -I/usr/include/freetype2 -D_LARGEFILE_SOURCE -D_LARGEFILE64_SOURCE -D_THREAD_SAFE -D_REENTRANT -L/home/zhouqiang/softwares/relion-1.4-seg/lib -L/home/zhouqiang/softwares/relion-1.4-seg/lib -Wl,-rpath,/home/zhouqiang/softwares/relion-1.4-seg/lib -lfltk -lXext -lXft -lfontconfig -lXinerama -lpthread -ldl -lm -lX11 conftest.c  >&5
configure:2962: $? = 0
configure:3000: result: a.out
configure:3019: checking whether the C compiler works
configure:3029: ./a.out
configure:3033: $? = 0
configure:3052: result: yes
configure:3059: checking whether we are cross compiling
configure:3061: result: no
configure:3064: checking for suffix of executables
configure:3071: gcc -o conftest  -I/home/zhouqiang/softwares/relion-1.4-seg/include -I/home/zhouqiang/softwares/relion-1.4-seg/include -I/usr/include/freetype2 -D_LARGEFILE_SOURCE -D_LARGEFILE64_SOURCE -D_THREAD_SAFE -D_REENTRANT -L/home/zhouqiang/softwares/relion-1.4-seg/lib -L/home/zhouqiang/softwares/relion-1.4-seg/lib -Wl,-rpath,/home/zhouqiang/softwares/relion-1.4-seg/lib -lfltk -lXext -lXft -lfontconfig -lXinerama -lpthread -ldl -lm -lX11 conftest.c  >&5
configure:3075: $? = 0
configure:3101: result: 
configure:3107: checking for suffix of object files
configure:3133: gcc -c  -I/home/zhouqiang/softwares/relion-1.4-seg/include -I/home/zhouqiang/softwares/relion-1.4-seg/include -I/usr/include/freetype2 -D_LARGEFILE_SOURCE -D_LARGEFILE64_SOURCE -D_THREAD_SAFE -D_REENTRANT conftest.c >&5
configure:3137: $? = 0
configure:3162: result: o
configure:3166: checking whether we are using the GNU C compiler
configure:3195: gcc -c  -I/home/zhouqiang/softwares/relion-1.4-seg/include -I/home/zhouqiang/softwares/relion-1.4-seg/include -I/usr/include/freetype2 -D_LARGEFILE_SOURCE -D_LARGEFILE64_SOURCE -D_THREAD_SAFE -D_REENTRANT conftest.c >&5
configure:3202: $? = 0
configure:3219: result: yes
configure:3228: checking whether gcc accepts -g
configure:3258: gcc -c -g -I/home/zhouqiang/softwares/relion-1.4-seg/include -I/home/zhouqiang/softwares/relion-1.4-seg/include -I/usr/include/freetype2 -D_LARGEFILE_SOURCE -D_LARGEFILE64_SOURCE -D_THREAD_SAFE -D_REENTRANT conftest.c >&5
configure:3265: $? = 0
configure:3366: result: yes
configure:3383: checking for gcc option to accept ISO C89
configure:3457: gcc  -c -g -O2 -I/home/zhouqiang/softwares/relion-1.4-seg/include -I/home/zhouqiang/softwares/relion-1.4-seg/include -I/usr/include/freetype2 -D_LARGEFILE_SOURCE -D_LARGEFILE64_SOURCE -D_THREAD_SAFE -D_REENTRANT conftest.c >&5
configure:3464: $? = 0
configure:3487: result: none needed
configure:3516: checking for style of include used by make
configure:3544: result: GNU
configure:3569: checking dependency style of gcc
configure:3679: result: gcc3
configure:3695: checking whether gcc and cc understand -c and -o together
configure:3730: gcc -c conftest.c -o conftest2.o >&5
configure:3734: $? = 0
configure:3740: gcc -c conftest.c -o conftest2.o >&5
configure:3744: $? = 0
configure:3755: cc -c conftest.c >&5
configure:3759: $? = 0
configure:3767: cc -c conftest.c -o conftest2.o >&5
configure:3771: $? = 0
configure:3777: cc -c conftest.c -o conftest2.o >&5
configure:3781: $? = 0
configure:3799: result: yes
configure:3884: checking for g++
configure:3900: found /usr/bin/g++
configure:3911: result: g++
configure:3938: checking for C++ compiler version
configure:3946: g++ --version >&5
g++ (GCC) 4.4.7 20120313 (Red Hat 4.4.7-16)
Copyright (C) 2010 Free Software Foundation, Inc.
This is free software; see the source for copying conditions.  There is NO
warranty; not even for MERCHANTABILITY or FITNESS FOR A PARTICULAR PURPOSE.

configure:3950: $? = 0
configure:3957: g++ -v >&5
Using built-in specs.
Target: x86_64-redhat-linux
Configured with: ../configure --prefix=/usr --mandir=/usr/share/man --infodir=/usr/share/info --with-bugurl=http://bugzilla.redhat.com/bugzilla --enable-bootstrap --enable-shared --enable-threads=posix --enable-checking=release --with-system-zlib --enable-__cxa_atexit --disable-libunwind-exceptions --enable-gnu-unique-object --enable-languages=c,c++,objc,obj-c++,java,fortran,ada --enable-java-awt=gtk --disable-dssi --with-java-home=/usr/lib/jvm/java-1.5.0-gcj-1.5.0.0/jre --enable-libgcj-multifile --enable-java-maintainer-mode --with-ecj-jar=/usr/share/java/eclipse-ecj.jar --disable-libjava-multilib --with-ppl --with-cloog --with-tune=generic --with-arch_32=i686 --build=x86_64-redhat-linux
Thread model: posix
gcc version 4.4.7 20120313 (Red Hat 4.4.7-16) (GCC) 
configure:3961: $? = 0
configure:3968: g++ -V >&5
g++: '-V' option must have argument
configure:3972: $? = 1
configure:3975: checking whether we are using the GNU C++ compiler
configure:4004: g++ -c  -I/home/zhouqiang/softwares/relion-1.4-seg/include -I/home/zhouqiang/softwares/relion-1.4-seg/include -I/usr/include/freetype2 -D_LARGEFILE_SOURCE -D_LARGEFILE64_SOURCE -D_THREAD_SAFE -D_REENTRANT conftest.cpp >&5
configure:4011: $? = 0
configure:4028: result: yes
configure:4037: checking whether g++ accepts -g
configure:4067: g++ -c -g -I/home/zhouqiang/softwares/relion-1.4-seg/include -I/home/zhouqiang/softwares/relion-1.4-seg/include -I/usr/include/freetype2 -D_LARGEFILE_SOURCE -D_LARGEFILE64_SOURCE -D_THREAD_SAFE -D_REENTRANT conftest.cpp >&5
configure:4074: $? = 0
configure:4175: result: yes
configure:4200: checking dependency style of g++
configure:4310: result: gcc3
configure:4356: checking build system type
configure:4374: result: x86_64-unknown-linux-gnu
configure:4396: checking host system type
configure:4411: result: x86_64-unknown-linux-gnu
configure:4433: checking for a sed that does not truncate output
configure:4499: result: /bin/sed
configure:4517: checking for grep that handles long lines and -e
configure:4577: result: /bin/grep
configure:4582: checking for egrep
configure:4646: result: /bin/grep -E
configure:4651: checking for fgrep
configure:4715: result: /bin/grep -F
configure:4750: checking for ld used by gcc
configure:4817: result: /usr/bin/ld
configure:4826: checking if the linker (/usr/bin/ld) is GNU ld
configure:4841: result: yes
configure:4853: checking for BSD- or MS-compatible name lister (nm)
configure:4902: result: /usr/bin/nm -B
configure:5020: checking the name lister (/usr/bin/nm -B) interface
configure:5027: gcc -c -g -O2 -I/home/zhouqiang/softwares/relion-1.4-seg/include -I/home/zhouqiang/softwares/relion-1.4-seg/include -I/usr/include/freetype2 -D_LARGEFILE_SOURCE -D_LARGEFILE64_SOURCE -D_THREAD_SAFE -D_REENTRANT conftest.c >&5
configure:5030: /usr/bin/nm -B "conftest.o"
configure:5033: output
0000000000000000 B some_variable
configure:5040: result: BSD nm
configure:5043: checking whether ln -s works
configure:5047: result: yes
configure:5055: checking the maximum length of command line arguments
configure:5175: result: 1966080
configure:5192: checking whether the shell understands some XSI constructs
configure:5202: result: yes
configure:5206: checking whether the shell understands "+="
configure:5212: result: yes
configure:5247: checking for /usr/bin/ld option to reload object files
configure:5254: result: -r
configure:5323: checking for objdump
configure:5339: found /usr/bin/objdump
configure:5350: result: objdump
configure:5382: checking how to recognize dependent libraries
configure:5578: result: pass_all
configure:5638: checking for ar
configure:5654: found /usr/bin/ar
configure:5665: result: ar
configure:5743: checking for strip
configure:5759: found /usr/bin/strip
configure:5770: result: strip
configure:5842: checking for ranlib
configure:5858: found /usr/bin/ranlib
configure:5869: result: ranlib
configure:5959: checking command to parse /usr/bin/nm -B output from gcc object
configure:6077: gcc -c -g -O2 -I/home/zhouqiang/softwares/relion-1.4-seg/include -I/home/zhouqiang/softwares/relion-1.4-seg/include -I/usr/include/freetype2 -D_LARGEFILE_SOURCE -D_LARGEFILE64_SOURCE -D_THREAD_SAFE -D_REENTRANT conftest.c >&5
configure:6080: $? = 0
configure:6084: /usr/bin/nm -B conftest.o \| sed -n -e 's/^.*[	 ]\([ABCDGIRSTW][ABCDGIRSTW]*\)[	 ][	 ]*\([_A-Za-z][_A-Za-z0-9]*\)$/\1 \2 \2/p' \> conftest.nm
configure:6087: $? = 0
configure:6141: gcc -o conftest -g -O2 -I/home/zhouqiang/softwares/relion-1.4-seg/include -I/home/zhouqiang/softwares/relion-1.4-seg/include -I/usr/include/freetype2 -D_LARGEFILE_SOURCE -D_LARGEFILE64_SOURCE -D_THREAD_SAFE -D_REENTRANT -L/home/zhouqiang/softwares/relion-1.4-seg/lib -L/home/zhouqiang/softwares/relion-1.4-seg/lib -Wl,-rpath,/home/zhouqiang/softwares/relion-1.4-seg/lib -lfltk -lXext -lXft -lfontconfig -lXinerama -lpthread -ldl -lm -lX11 conftest.c conftstm.o >&5
configure:6144: $? = 0
configure:6182: result: ok
configure:6278: gcc -c -g -O2 -I/home/zhouqiang/softwares/relion-1.4-seg/include -I/home/zhouqiang/softwares/relion-1.4-seg/include -I/usr/include/freetype2 -D_LARGEFILE_SOURCE -D_LARGEFILE64_SOURCE -D_THREAD_SAFE -D_REENTRANT conftest.c >&5
configure:6281: $? = 0
configure:7049: checking how to run the C preprocessor
configure:7089: gcc -E -I/home/zhouqiang/softwares/relion-1.4-seg/include -I/home/zhouqiang/softwares/relion-1.4-seg/include -I/usr/include/freetype2 -D_LARGEFILE_SOURCE -D_LARGEFILE64_SOURCE -D_THREAD_SAFE -D_REENTRANT conftest.c
configure:7096: $? = 0
configure:7127: gcc -E -I/home/zhouqiang/softwares/relion-1.4-seg/include -I/home/zhouqiang/softwares/relion-1.4-seg/include -I/usr/include/freetype2 -D_LARGEFILE_SOURCE -D_LARGEFILE64_SOURCE -D_THREAD_SAFE -D_REENTRANT conftest.c
conftest.c:8:28: error: ac_nonexistent.h: No such file or directory
configure:7134: $? = 1
configure: failed program was:
| /* confdefs.h.  */
| #define PACKAGE_NAME "relion"
| #define PACKAGE_TARNAME "relion"
| #define PACKAGE_VERSION "1.4"
| #define PACKAGE_STRING "relion 1.4"
| #define PACKAGE_BUGREPORT "scheres@mrc-lmb.cam.ac.uk"
| /* end confdefs.h.  */
| #include <ac_nonexistent.h>
configure:7167: result: gcc -E
configure:7196: gcc -E -I/home/zhouqiang/softwares/relion-1.4-seg/include -I/home/zhouqiang/softwares/relion-1.4-seg/include -I/usr/include/freetype2 -D_LARGEFILE_SOURCE -D_LARGEFILE64_SOURCE -D_THREAD_SAFE -D_REENTRANT conftest.c
configure:7203: $? = 0
configure:7234: gcc -E -I/home/zhouqiang/softwares/relion-1.4-seg/include -I/home/zhouqiang/softwares/relion-1.4-seg/include -I/usr/include/freetype2 -D_LARGEFILE_SOURCE -D_LARGEFILE64_SOURCE -D_THREAD_SAFE -D_REENTRANT conftest.c
conftest.c:8:28: error: ac_nonexistent.h: No such file or directory
configure:7241: $? = 1
configure: failed program was:
| /* confdefs.h.  */
| #define PACKAGE_NAME "relion"
| #define PACKAGE_TARNAME "relion"
| #define PACKAGE_VERSION "1.4"
| #define PACKAGE_STRING "relion 1.4"
| #define PACKAGE_BUGREPORT "scheres@mrc-lmb.cam.ac.uk"
| /* end confdefs.h.  */
| #include <ac_nonexistent.h>
configure:7281: checking for ANSI C header files
configure:7311: gcc -c -g -O2 -I/home/zhouqiang/softwares/relion-1.4-seg/include -I/home/zhouqiang/softwares/relion-1.4-seg/include -I/usr/include/freetype2 -D_LARGEFILE_SOURCE -D_LARGEFILE64_SOURCE -D_THREAD_SAFE -D_REENTRANT conftest.c >&5
configure:7318: $? = 0
configure:7417: gcc -o conftest -g -O2 -I/home/zhouqiang/softwares/relion-1.4-seg/include -I/home/zhouqiang/softwares/relion-1.4-seg/include -I/usr/include/freetype2 -D_LARGEFILE_SOURCE -D_LARGEFILE64_SOURCE -D_THREAD_SAFE -D_REENTRANT -L/home/zhouqiang/softwares/relion-1.4-seg/lib -L/home/zhouqiang/softwares/relion-1.4-seg/lib -Wl,-rpath,/home/zhouqiang/softwares/relion-1.4-seg/lib -lfltk -lXext -lXft -lfontconfig -lXinerama -lpthread -ldl -lm -lX11 conftest.c  >&5
configure:7421: $? = 0
configure:7427: ./conftest
configure:7431: $? = 0
configure:7449: result: yes
configure:7473: checking for sys/types.h
configure:7494: gcc -c -g -O2 -I/home/zhouqiang/softwares/relion-1.4-seg/include -I/home/zhouqiang/softwares/relion-1.4-seg/include -I/usr/include/freetype2 -D_LARGEFILE_SOURCE -D_LARGEFILE64_SOURCE -D_THREAD_SAFE -D_REENTRANT conftest.c >&5
configure:7501: $? = 0
configure:7518: result: yes
configure:7473: checking for sys/stat.h
configure:7494: gcc -c -g -O2 -I/home/zhouqiang/softwares/relion-1.4-seg/include -I/home/zhouqiang/softwares/relion-1.4-seg/include -I/usr/include/freetype2 -D_LARGEFILE_SOURCE -D_LARGEFILE64_SOURCE -D_THREAD_SAFE -D_REENTRANT conftest.c >&5
configure:7501: $? = 0
configure:7518: result: yes
configure:7473: checking for stdlib.h
configure:7494: gcc -c -g -O2 -I/home/zhouqiang/softwares/relion-1.4-seg/include -I/home/zhouqiang/softwares/relion-1.4-seg/include -I/usr/include/freetype2 -D_LARGEFILE_SOURCE -D_LARGEFILE64_SOURCE -D_THREAD_SAFE -D_REENTRANT conftest.c >&5
configure:7501: $? = 0
configure:7518: result: yes
configure:7473: checking for string.h
configure:7494: gcc -c -g -O2 -I/home/zhouqiang/softwares/relion-1.4-seg/include -I/home/zhouqiang/softwares/relion-1.4-seg/include -I/usr/include/freetype2 -D_LARGEFILE_SOURCE -D_LARGEFILE64_SOURCE -D_THREAD_SAFE -D_REENTRANT conftest.c >&5
configure:7501: $? = 0
configure:7518: result: yes
configure:7473: checking for memory.h
configure:7494: gcc -c -g -O2 -I/home/zhouqiang/softwares/relion-1.4-seg/include -I/home/zhouqiang/softwares/relion-1.4-seg/include -I/usr/include/freetype2 -D_LARGEFILE_SOURCE -D_LARGEFILE64_SOURCE -D_THREAD_SAFE -D_REENTRANT conftest.c >&5
configure:7501: $? = 0
configure:7518: result: yes
configure:7473: checking for strings.h
configure:7494: gcc -c -g -O2 -I/home/zhouqiang/softwares/relion-1.4-seg/include -I/home/zhouqiang/softwares/relion-1.4-seg/include -I/usr/include/freetype2 -D_LARGEFILE_SOURCE -D_LARGEFILE64_SOURCE -D_THREAD_SAFE -D_REENTRANT conftest.c >&5
configure:7501: $? = 0
configure:7518: result: yes
configure:7473: checking for inttypes.h
configure:7494: gcc -c -g -O2 -I/home/zhouqiang/softwares/relion-1.4-seg/include -I/home/zhouqiang/softwares/relion-1.4-seg/include -I/usr/include/freetype2 -D_LARGEFILE_SOURCE -D_LARGEFILE64_SOURCE -D_THREAD_SAFE -D_REENTRANT conftest.c >&5
configure:7501: $? = 0
configure:7518: result: yes
configure:7473: checking for stdint.h
configure:7494: gcc -c -g -O2 -I/home/zhouqiang/softwares/relion-1.4-seg/include -I/home/zhouqiang/softwares/relion-1.4-seg/include -I/usr/include/freetype2 -D_LARGEFILE_SOURCE -D_LARGEFILE64_SOURCE -D_THREAD_SAFE -D_REENTRANT conftest.c >&5
configure:7501: $? = 0
configure:7518: result: yes
configure:7473: checking for unistd.h
configure:7494: gcc -c -g -O2 -I/home/zhouqiang/softwares/relion-1.4-seg/include -I/home/zhouqiang/softwares/relion-1.4-seg/include -I/usr/include/freetype2 -D_LARGEFILE_SOURCE -D_LARGEFILE64_SOURCE -D_THREAD_SAFE -D_REENTRANT conftest.c >&5
configure:7501: $? = 0
configure:7518: result: yes
configure:7536: checking for dlfcn.h
configure:7557: gcc -c -g -O2 -I/home/zhouqiang/softwares/relion-1.4-seg/include -I/home/zhouqiang/softwares/relion-1.4-seg/include -I/usr/include/freetype2 -D_LARGEFILE_SOURCE -D_LARGEFILE64_SOURCE -D_THREAD_SAFE -D_REENTRANT conftest.c >&5
configure:7564: $? = 0
configure:7581: result: yes
configure:7708: checking for C++ compiler version
configure:7716: g++ --version >&5
g++ (GCC) 4.4.7 20120313 (Red Hat 4.4.7-16)
Copyright (C) 2010 Free Software Foundation, Inc.
This is free software; see the source for copying conditions.  There is NO
warranty; not even for MERCHANTABILITY or FITNESS FOR A PARTICULAR PURPOSE.

configure:7720: $? = 0
configure:7727: g++ -v >&5
Using built-in specs.
Target: x86_64-redhat-linux
Configured with: ../configure --prefix=/usr --mandir=/usr/share/man --infodir=/usr/share/info --with-bugurl=http://bugzilla.redhat.com/bugzilla --enable-bootstrap --enable-shared --enable-threads=posix --enable-checking=release --with-system-zlib --enable-__cxa_atexit --disable-libunwind-exceptions --enable-gnu-unique-object --enable-languages=c,c++,objc,obj-c++,java,fortran,ada --enable-java-awt=gtk --disable-dssi --with-java-home=/usr/lib/jvm/java-1.5.0-gcj-1.5.0.0/jre --enable-libgcj-multifile --enable-java-maintainer-mode --with-ecj-jar=/usr/share/java/eclipse-ecj.jar --disable-libjava-multilib --with-ppl --with-cloog --with-tune=generic --with-arch_32=i686 --build=x86_64-redhat-linux
Thread model: posix
gcc version 4.4.7 20120313 (Red Hat 4.4.7-16) (GCC) 
configure:7731: $? = 0
configure:7738: g++ -V >&5
g++: '-V' option must have argument
configure:7742: $? = 1
configure:7745: checking whether we are using the GNU C++ compiler
configure:7798: result: yes
configure:7807: checking whether g++ accepts -g
configure:7945: result: yes
configure:7970: checking dependency style of g++
configure:8080: result: gcc3
configure:8103: checking how to run the C++ preprocessor
configure:8139: g++ -E -I/home/zhouqiang/softwares/relion-1.4-seg/include -I/home/zhouqiang/softwares/relion-1.4-seg/include -I/usr/include/freetype2 -D_LARGEFILE_SOURCE -D_LARGEFILE64_SOURCE -D_THREAD_SAFE -D_REENTRANT conftest.cpp
configure:8146: $? = 0
configure:8177: g++ -E -I/home/zhouqiang/softwares/relion-1.4-seg/include -I/home/zhouqiang/softwares/relion-1.4-seg/include -I/usr/include/freetype2 -D_LARGEFILE_SOURCE -D_LARGEFILE64_SOURCE -D_THREAD_SAFE -D_REENTRANT conftest.cpp
conftest.cpp:19:28: error: ac_nonexistent.h: No such file or directory
configure:8184: $? = 1
configure: failed program was:
| /* confdefs.h.  */
| #define PACKAGE_NAME "relion"
| #define PACKAGE_TARNAME "relion"
| #define PACKAGE_VERSION "1.4"
| #define PACKAGE_STRING "relion 1.4"
| #define PACKAGE_BUGREPORT "scheres@mrc-lmb.cam.ac.uk"
| #define STDC_HEADERS 1
| #define HAVE_SYS_TYPES_H 1
| #define HAVE_SYS_STAT_H 1
| #define HAVE_STDLIB_H 1
| #define HAVE_STRING_H 1
| #define HAVE_MEMORY_H 1
| #define HAVE_STRINGS_H 1
| #define HAVE_INTTYPES_H 1
| #define HAVE_STDINT_H 1
| #define HAVE_UNISTD_H 1
| #define HAVE_DLFCN_H 1
| /* end confdefs.h.  */
| #include <ac_nonexistent.h>
configure:8217: result: g++ -E
configure:8246: g++ -E -I/home/zhouqiang/softwares/relion-1.4-seg/include -I/home/zhouqiang/softwares/relion-1.4-seg/include -I/usr/include/freetype2 -D_LARGEFILE_SOURCE -D_LARGEFILE64_SOURCE -D_THREAD_SAFE -D_REENTRANT conftest.cpp
configure:8253: $? = 0
configure:8284: g++ -E -I/home/zhouqiang/softwares/relion-1.4-seg/include -I/home/zhouqiang/softwares/relion-1.4-seg/include -I/usr/include/freetype2 -D_LARGEFILE_SOURCE -D_LARGEFILE64_SOURCE -D_THREAD_SAFE -D_REENTRANT conftest.cpp
conftest.cpp:19:28: error: ac_nonexistent.h: No such file or directory
configure:8291: $? = 1
configure: failed program was:
| /* confdefs.h.  */
| #define PACKAGE_NAME "relion"
| #define PACKAGE_TARNAME "relion"
| #define PACKAGE_VERSION "1.4"
| #define PACKAGE_STRING "relion 1.4"
| #define PACKAGE_BUGREPORT "scheres@mrc-lmb.cam.ac.uk"
| #define STDC_HEADERS 1
| #define HAVE_SYS_TYPES_H 1
| #define HAVE_SYS_STAT_H 1
| #define HAVE_STDLIB_H 1
| #define HAVE_STRING_H 1
| #define HAVE_MEMORY_H 1
| #define HAVE_STRINGS_H 1
| #define HAVE_INTTYPES_H 1
| #define HAVE_STDINT_H 1
| #define HAVE_UNISTD_H 1
| #define HAVE_DLFCN_H 1
| /* end confdefs.h.  */
| #include <ac_nonexistent.h>
configure:8505: checking for objdir
configure:8520: result: .libs
configure:8812: checking if gcc supports -fno-rtti -fno-exceptions
configure:8830: gcc -c -g -O2 -I/home/zhouqiang/softwares/relion-1.4-seg/include -I/home/zhouqiang/softwares/relion-1.4-seg/include -I/usr/include/freetype2 -D_LARGEFILE_SOURCE -D_LARGEFILE64_SOURCE -D_THREAD_SAFE -D_REENTRANT -fno-rtti -fno-exceptions conftest.c >&5
cc1: warning: command line option "-fno-rtti" is valid for C++/ObjC++ but not for C
configure:8834: $? = 0
configure:8847: result: no
configure:8867: checking for gcc option to produce PIC
configure:9139: result: -fPIC -DPIC
configure:9151: checking if gcc PIC flag -fPIC -DPIC works
configure:9169: gcc -c -g -O2 -I/home/zhouqiang/softwares/relion-1.4-seg/include -I/home/zhouqiang/softwares/relion-1.4-seg/include -I/usr/include/freetype2 -D_LARGEFILE_SOURCE -D_LARGEFILE64_SOURCE -D_THREAD_SAFE -D_REENTRANT -fPIC -DPIC -DPIC conftest.c >&5
configure:9173: $? = 0
configure:9186: result: yes
configure:9210: checking if gcc static flag -static works
configure:9238: result: no
configure:9253: checking if gcc supports -c -o file.o
configure:9274: gcc -c -g -O2 -I/home/zhouqiang/softwares/relion-1.4-seg/include -I/home/zhouqiang/softwares/relion-1.4-seg/include -I/usr/include/freetype2 -D_LARGEFILE_SOURCE -D_LARGEFILE64_SOURCE -D_THREAD_SAFE -D_REENTRANT -o out/conftest2.o conftest.c >&5
configure:9278: $? = 0
configure:9300: result: yes
configure:9308: checking if gcc supports -c -o file.o
configure:9355: result: yes
configure:9388: checking whether the gcc linker (/usr/bin/ld -m elf_x86_64) supports shared libraries
configure:10462: result: yes
configure:10499: checking whether -lc should be explicitly linked in
configure:10504: gcc -c -g -O2 -I/home/zhouqiang/softwares/relion-1.4-seg/include -I/home/zhouqiang/softwares/relion-1.4-seg/include -I/usr/include/freetype2 -D_LARGEFILE_SOURCE -D_LARGEFILE64_SOURCE -D_THREAD_SAFE -D_REENTRANT conftest.c >&5
configure:10507: $? = 0
configure:10522: gcc -shared conftest.o  -v -Wl,-soname -Wl,conftest -o conftest 2\>\&1 \| /bin/grep  -lc  \>/dev/null 2\>\&1
configure:10525: $? = 0
configure:10537: result: no
configure:10701: checking dynamic linker characteristics
configure:11144: gcc -o conftest -g -O2 -I/home/zhouqiang/softwares/relion-1.4-seg/include -I/home/zhouqiang/softwares/relion-1.4-seg/include -I/usr/include/freetype2 -D_LARGEFILE_SOURCE -D_LARGEFILE64_SOURCE -D_THREAD_SAFE -D_REENTRANT -L/home/zhouqiang/softwares/relion-1.4-seg/lib -L/home/zhouqiang/softwares/relion-1.4-seg/lib -Wl,-rpath,/home/zhouqiang/softwares/relion-1.4-seg/lib -lfltk -lXext -lXft -lfontconfig -lXinerama -lpthread -ldl -lm -lX11 -Wl,-rpath -Wl,/foo conftest.c  >&5
configure:11151: $? = 0
configure:11387: result: GNU/Linux ld.so
configure:11489: checking how to hardcode library paths into programs
configure:11514: result: immediate
configure:12347: checking whether stripping libraries is possible
configure:12352: result: yes
configure:12387: checking if libtool supports shared libraries
configure:12389: result: yes
configure:12392: checking whether to build shared libraries
configure:12413: result: yes
configure:12416: checking whether to build static libraries
configure:12420: result: yes
configure:12570: checking for ld used by g++
configure:12637: result: /usr/bin/ld -m elf_x86_64
configure:12646: checking if the linker (/usr/bin/ld -m elf_x86_64) is GNU ld
configure:12661: result: yes
configure:12716: checking whether the g++ linker (/usr/bin/ld -m elf_x86_64) supports shared libraries
configure:13691: result: yes
configure:13719: g++ -c -g -O2 -I/home/zhouqiang/softwares/relion-1.4-seg/include -I/home/zhouqiang/softwares/relion-1.4-seg/include -I/usr/include/freetype2 -D_LARGEFILE_SOURCE -D_LARGEFILE64_SOURCE -D_THREAD_SAFE -D_REENTRANT conftest.cpp >&5
configure:13722: $? = 0
configure:13904: checking for g++ option to produce PIC
configure:14221: result: -fPIC -DPIC
configure:14230: checking if g++ PIC flag -fPIC -DPIC works
configure:14248: g++ -c -g -O2 -I/home/zhouqiang/softwares/relion-1.4-seg/include -I/home/zhouqiang/softwares/relion-1.4-seg/include -I/usr/include/freetype2 -D_LARGEFILE_SOURCE -D_LARGEFILE64_SOURCE -D_THREAD_SAFE -D_REENTRANT -fPIC -DPIC -DPIC conftest.cpp >&5
configure:14252: $? = 0
configure:14265: result: yes
configure:14286: checking if g++ static flag -static works
configure:14314: result: no
configure:14326: checking if g++ supports -c -o file.o
configure:14347: g++ -c -g -O2 -I/home/zhouqiang/softwares/relion-1.4-seg/include -I/home/zhouqiang/softwares/relion-1.4-seg/include -I/usr/include/freetype2 -D_LARGEFILE_SOURCE -D_LARGEFILE64_SOURCE -D_THREAD_SAFE -D_REENTRANT -o out/conftest2.o conftest.cpp >&5
configure:14351: $? = 0
configure:14373: result: yes
configure:14378: checking if g++ supports -c -o file.o
configure:14425: result: yes
configure:14455: checking whether the g++ linker (/usr/bin/ld -m elf_x86_64) supports shared libraries
configure:14481: result: yes
configure:14618: checking dynamic linker characteristics
configure:15009: g++ -o conftest -g -O2 -I/home/zhouqiang/softwares/relion-1.4-seg/include -I/home/zhouqiang/softwares/relion-1.4-seg/include -I/usr/include/freetype2 -D_LARGEFILE_SOURCE -D_LARGEFILE64_SOURCE -D_THREAD_SAFE -D_REENTRANT -L/home/zhouqiang/softwares/relion-1.4-seg/lib -L/home/zhouqiang/softwares/relion-1.4-seg/lib -Wl,-rpath,/home/zhouqiang/softwares/relion-1.4-seg/lib -lfltk -lXext -lXft -lfontconfig -lXinerama -lpthread -ldl -lm -lX11 -Wl,-rpath -Wl,/foo conftest.cpp  >&5
configure:15016: $? = 0
configure:15252: result: GNU/Linux ld.so
configure:15303: checking how to hardcode library paths into programs
configure:15328: result: immediate
configure:15395: checking for mpic++
configure:15411: found /opt/openmpi-181/bin/mpic++
configure:15422: result: mpic++
configure:15481: checking for fftw3.h
configure:15504: gcc -c -g -O2 -I/home/zhouqiang/softwares/relion-1.4-seg/include -I/home/zhouqiang/softwares/relion-1.4-seg/include -I/usr/include/freetype2 -D_LARGEFILE_SOURCE -D_LARGEFILE64_SOURCE -D_THREAD_SAFE -D_REENTRANT -fpic conftest.c >&5
configure:15511: $? = 0
configure:15518: result: yes
configure:15677: checking for main in -lfftw3
configure:15706: gcc -o conftest -g -O2 -I/home/zhouqiang/softwares/relion-1.4-seg/include -I/home/zhouqiang/softwares/relion-1.4-seg/include -I/usr/include/freetype2 -D_LARGEFILE_SOURCE -D_LARGEFILE64_SOURCE -D_THREAD_SAFE -D_REENTRANT -fpic -L/home/zhouqiang/softwares/relion-1.4-seg/lib -L/home/zhouqiang/softwares/relion-1.4-seg/lib -Wl,-rpath,/home/zhouqiang/softwares/relion-1.4-seg/lib -lfltk -lXext -lXft -lfontconfig -lXinerama -lpthread -ldl -lm -lX11 conftest.c -lfftw3   >&5
configure:15713: $? = 0
configure:15734: result: yes
configure:15750: checking for fftw_plan_with_nthreads in -lfftw3_threads
configure:15785: gcc -o conftest -g -O2 -I/home/zhouqiang/softwares/relion-1.4-seg/include -I/home/zhouqiang/softwares/relion-1.4-seg/include -I/usr/include/freetype2 -D_LARGEFILE_SOURCE -D_LARGEFILE64_SOURCE -D_THREAD_SAFE -D_REENTRANT -fpic -L/home/zhouqiang/softwares/relion-1.4-seg/lib -L/home/zhouqiang/softwares/relion-1.4-seg/lib -Wl,-rpath,/home/zhouqiang/softwares/relion-1.4-seg/lib -lfltk -lXext -lXft -lfontconfig -lXinerama -lpthread -ldl -lm -lX11 conftest.c -lfftw3_threads  -lfftw3  >&5
configure:15792: $? = 0
configure:15813: result: yes
configure:15851: checking for /home/zhouqiang/softwares/relion-1.4-seg/bin/fltk-config
configure:15868: result: yes
configure:16068: creating ./config.status

## ---------------------- ##
## Running config.status. ##
## ---------------------- ##

This file was extended by relion config.status 1.4, which was
generated by GNU Autoconf 2.63.  Invocation command line was

  CONFIG_FILES    = 
  CONFIG_HEADERS  = 
  CONFIG_LINKS    = 
  CONFIG_COMMANDS = 
  $ ./config.status 

on LOCALHOST.LOCALDOMAIN

config.status:1058: creating Makefile
config.status:1058: creating relion-1.4.pc
config.status:1058: creating config.h
config.status:1280: config.h is unchanged
config.status:1332: executing depfiles commands
config.status:1332: executing libtool commands

## ---------------- ##
## Cache variables. ##
## ---------------- ##

ac_cv_build=x86_64-unknown-linux-gnu
ac_cv_c_compiler_gnu=yes
ac_cv_cxx_compiler_gnu=yes
ac_cv_env_CCC_set=
ac_cv_env_CCC_value=
ac_cv_env_CC_set=
ac_cv_env_CC_value=
ac_cv_env_CFLAGS_set=
ac_cv_env_CFLAGS_value=
ac_cv_env_CPPFLAGS_set=set
ac_cv_env_CPPFLAGS_value='-I/home/zhouqiang/softwares/relion-1.4-seg/include -I/home/zhouqiang/softwares/relion-1.4-seg/include -I/usr/include/freetype2 -D_LARGEFILE_SOURCE -D_LARGEFILE64_SOURCE -D_THREAD_SAFE -D_REENTRANT'
ac_cv_env_CPP_set=
ac_cv_env_CPP_value=
ac_cv_env_CXXCPP_set=
ac_cv_env_CXXCPP_value=
ac_cv_env_CXXFLAGS_set=
ac_cv_env_CXXFLAGS_value=
ac_cv_env_CXX_set=
ac_cv_env_CXX_value=
ac_cv_env_LDFLAGS_set=set
ac_cv_env_LDFLAGS_value='-L/home/zhouqiang/softwares/relion-1.4-seg/lib -L/home/zhouqiang/softwares/relion-1.4-seg/lib -Wl,-rpath,/home/zhouqiang/softwares/relion-1.4-seg/lib -lfltk -lXext -lXft -lfontconfig -lXinerama -lpthread -ldl -lm -lX11'
ac_cv_env_LIBS_set=
ac_cv_env_LIBS_value=
ac_cv_env_build_alias_set=
ac_cv_env_build_alias_value=
ac_cv_env_host_alias_set=
ac_cv_env_host_alias_value=
ac_cv_env_target_alias_set=
ac_cv_env_target_alias_value=
ac_cv_file__home_zhouqiang_softwares_relion_1_4_seg_bin_fltk_config=yes
ac_cv_header_dlfcn_h=yes
ac_cv_header_inttypes_h=yes
ac_cv_header_memory_h=yes
ac_cv_header_stdc=yes
ac_cv_header_stdint_h=yes
ac_cv_header_stdlib_h=yes
ac_cv_header_string_h=yes
ac_cv_header_strings_h=yes
ac_cv_header_sys_stat_h=yes
ac_cv_header_sys_types_h=yes
ac_cv_header_unistd_h=yes
ac_cv_host=x86_64-unknown-linux-gnu
ac_cv_lib_fftw3_main=yes
ac_cv_lib_fftw3_threads_fftw_plan_with_nthreads=yes
ac_cv_objext=o
ac_cv_path_EGREP='/bin/grep -E'
ac_cv_path_FGREP='/bin/grep -F'
ac_cv_path_GREP=/bin/grep
ac_cv_path_SED=/bin/sed
ac_cv_path_install='/usr/bin/install -c'
ac_cv_path_mkdir=/bin/mkdir
ac_cv_prog_AWK=gawk
ac_cv_prog_CPP='gcc -E'
ac_cv_prog_CXXCPP='g++ -E'
ac_cv_prog_MPICXX=mpic++
ac_cv_prog_ac_ct_AR=ar
ac_cv_prog_ac_ct_CC=gcc
ac_cv_prog_ac_ct_CXX=g++
ac_cv_prog_ac_ct_OBJDUMP=objdump
ac_cv_prog_ac_ct_RANLIB=ranlib
ac_cv_prog_ac_ct_STRIP=strip
ac_cv_prog_cc_c89=
ac_cv_prog_cc_g=yes
ac_cv_prog_cc_gcc_c_o=yes
ac_cv_prog_cxx_g=yes
ac_cv_prog_make_make_set=yes
am_cv_CC_dependencies_compiler_type=gcc3
am_cv_CXX_dependencies_compiler_type=gcc3
lt_cv_deplibs_check_method=pass_all
lt_cv_file_magic_cmd='$MAGIC_CMD'
lt_cv_file_magic_test_file=
lt_cv_ld_reload_flag=-r
lt_cv_nm_interface='BSD nm'
lt_cv_objdir=.libs
lt_cv_path_LD=/usr/bin/ld
lt_cv_path_LDCXX='/usr/bin/ld -m elf_x86_64'
lt_cv_path_NM='/usr/bin/nm -B'
lt_cv_prog_compiler_c_o=yes
lt_cv_prog_compiler_c_o_CXX=yes
lt_cv_prog_compiler_pic_works=yes
lt_cv_prog_compiler_pic_works_CXX=yes
lt_cv_prog_compiler_rtti_exceptions=no
lt_cv_prog_compiler_static_works=no
lt_cv_prog_compiler_static_works_CXX=no
lt_cv_prog_gnu_ld=yes
lt_cv_prog_gnu_ldcxx=yes
lt_cv_sys_global_symbol_pipe='sed -n -e '\''s/^.*[	 ]\([ABCDGIRSTW][ABCDGIRSTW]*\)[	 ][	 ]*\([_A-Za-z][_A-Za-z0-9]*\)$/\1 \2 \2/p'\'''
lt_cv_sys_global_symbol_to_c_name_address='sed -n -e '\''s/^: \([^ ]*\) $/  {\"\1\", (void *) 0},/p'\'' -e '\''s/^[ABCDGIRSTW]* \([^ ]*\) \([^ ]*\)$/  {"\2", (void *) \&\2},/p'\'''
lt_cv_sys_global_symbol_to_c_name_address_lib_prefix='sed -n -e '\''s/^: \([^ ]*\) $/  {\"\1\", (void *) 0},/p'\'' -e '\''s/^[ABCDGIRSTW]* \([^ ]*\) \(lib[^ ]*\)$/  {"\2", (void *) \&\2},/p'\'' -e '\''s/^[ABCDGIRSTW]* \([^ ]*\) \([^ ]*\)$/  {"lib\2", (void *) \&\2},/p'\'''
lt_cv_sys_global_symbol_to_cdecl='sed -n -e '\''s/^T .* \(.*\)$/extern int \1();/p'\'' -e '\''s/^[ABCDGIRSTW]* .* \(.*\)$/extern char \1;/p'\'''
lt_cv_sys_max_cmd_len=1966080

## ----------------- ##
## Output variables. ##
## ----------------- ##

ACLOCAL='${SHELL} /home/zhouqiang/softwares/relion-1.4-seg/missing --run aclocal-1.11'
AMDEPBACKSLASH='\'
AMDEP_FALSE='#'
AMDEP_TRUE=''
AMTAR='${SHELL} /home/zhouqiang/softwares/relion-1.4-seg/missing --run tar'
AR='ar'
AUTOCONF='${SHELL} /home/zhouqiang/softwares/relion-1.4-seg/missing --run autoconf'
AUTOHEADER='${SHELL} /home/zhouqiang/softwares/relion-1.4-seg/missing --run autoheader'
AUTOMAKE='${SHELL} /home/zhouqiang/softwares/relion-1.4-seg/missing --run automake-1.11'
AWK='gawk'
CC='gcc'
CCDEPMODE='depmode=gcc3'
CFLAGS='-g -O2'
CPP='gcc -E'
CPPFLAGS='-I/home/zhouqiang/softwares/relion-1.4-seg/include -I/home/zhouqiang/softwares/relion-1.4-seg/include -I/usr/include/freetype2 -D_LARGEFILE_SOURCE -D_LARGEFILE64_SOURCE -D_THREAD_SAFE -D_REENTRANT -fpic'
CXX='mpic++'
CXXCPP='g++ -E'
CXXDEPMODE='depmode=gcc3'
CXXFLAGS='-g -O2'
CYGPATH_W='echo'
DEFS='-DHAVE_CONFIG_H'
DEPDIR='.deps'
DSYMUTIL=''
DUMPBIN=''
ECHO_C=''
ECHO_N='-n'
ECHO_T=''
EGREP='/bin/grep -E'
EXEEXT=''
FGREP='/bin/grep -F'
FLOAT_PRECISION_FALSE=''
FLOAT_PRECISION_TRUE='#'
GREP='/bin/grep'
HAVE_FLTK_FALSE='#'
HAVE_FLTK_TRUE=''
HAVE_MPI_FALSE='#'
HAVE_MPI_TRUE=''
INSTALL_DATA='${INSTALL} -m 644'
INSTALL_PROGRAM='${INSTALL}'
INSTALL_SCRIPT='${INSTALL}'
INSTALL_STRIP_PROGRAM='$(install_sh) -c -s'
LD='/usr/bin/ld -m elf_x86_64'
LDFLAGS='-L/home/zhouqiang/softwares/relion-1.4-seg/lib -L/home/zhouqiang/softwares/relion-1.4-seg/lib -Wl,-rpath,/home/zhouqiang/softwares/relion-1.4-seg/lib -lfltk -lXext -lXft -lfontconfig -lXinerama -lpthread -ldl -lm -lX11'
LIBOBJS=''
LIBS='-lfftw3_threads -lfftw3 '
LIBTOOL='$(SHELL) $(top_builddir)/libtool'
LIPO=''
LN_S='ln -s'
LTLIBOBJS=''
MAKEINFO='${SHELL} /home/zhouqiang/softwares/relion-1.4-seg/missing --run makeinfo'
MKDIR_P='/bin/mkdir -p'
MPICXX='mpic++'
NM='/usr/bin/nm -B'
NMEDIT=''
OBJDUMP='objdump'
OBJEXT='o'
OTOOL64=''
OTOOL=''
PACKAGE='relion'
PACKAGE_BUGREPORT='scheres@mrc-lmb.cam.ac.uk'
PACKAGE_NAME='relion'
PACKAGE_STRING='relion 1.4'
PACKAGE_TARNAME='relion'
PACKAGE_VERSION='1.4'
PATH_SEPARATOR=':'
RANLIB='ranlib'
RELION_API_VERSION='1.4'
RELION_SO_VERSION='1:4:0'
SED='/bin/sed'
SET_MAKE=''
SHELL='/bin/sh'
STRIP='strip'
VERSION='1.4'
ac_ct_CC='gcc'
ac_ct_CXX='g++'
ac_ct_DUMPBIN=''
am__EXEEXT_FALSE=''
am__EXEEXT_TRUE='#'
am__fastdepCC_FALSE='#'
am__fastdepCC_TRUE=''
am__fastdepCXX_FALSE='#'
am__fastdepCXX_TRUE=''
am__include='include'
am__isrc=''
am__leading_dot='.'
am__quote=''
am__tar='${AMTAR} chof - "$$tardir"'
am__untar='${AMTAR} xf -'
bindir='${exec_prefix}/bin'
build='x86_64-unknown-linux-gnu'
build_alias=''
build_cpu='x86_64'
build_os='linux-gnu'
build_vendor='unknown'
datadir='${datarootdir}'
datarootdir='${prefix}/share'
docdir='${datarootdir}/doc/${PACKAGE_TARNAME}'
dvidir='${docdir}'
exec_prefix='${prefix}'
host='x86_64-unknown-linux-gnu'
host_alias=''
host_cpu='x86_64'
host_os='linux-gnu'
host_vendor='unknown'
htmldir='${docdir}'
includedir='${prefix}/include'
infodir='${datarootdir}/info'
install_sh='${SHELL} /home/zhouqiang/softwares/relion-1.4-seg/install-sh'
libdir='${exec_prefix}/lib'
libexecdir='${exec_prefix}/libexec'
localedir='${datarootdir}/locale'
localstatedir='${prefix}/var'
lt_ECHO='echo'
mandir='${datarootdir}/man'
mkdir_p='/bin/mkdir -p'
oldincludedir='/usr/include'
pdfdir='${docdir}'
prefix='/home/zhouqiang/softwares/relion-1.4-seg'
program_transform_name='s,^,relion_,'
psdir='${docdir}'
sbindir='${exec_prefix}/sbin'
sharedstatedir='${prefix}/com'
sysconfdir='${prefix}/etc'
target_alias=''

## ----------- ##
## confdefs.h. ##
## ----------- ##

#define PACKAGE_NAME "relion"
#define PACKAGE_TARNAME "relion"
#define PACKAGE_VERSION "1.4"
#define PACKAGE_STRING "relion 1.4"
#define PACKAGE_BUGREPORT "scheres@mrc-lmb.cam.ac.uk"
#define STDC_HEADERS 1
#define HAVE_SYS_TYPES_H 1
#define HAVE_SYS_STAT_H 1
#define HAVE_STDLIB_H 1
#define HAVE_STRING_H 1
#define HAVE_MEMORY_H 1
#define HAVE_STRINGS_H 1
#define HAVE_INTTYPES_H 1
#define HAVE_STDINT_H 1
#define HAVE_UNISTD_H 1
#define HAVE_DLFCN_H 1
#define LT_OBJDIR ".libs/"
#define HAVE_MPI 1
#define HAVE_LIBFFTW3 1
#define HAVE_LIBFFTW3_THREADS 1

configure: exit 0
